<?xml version="1.0" encoding="UTF-8"?>
<testsuite name="utest technical challenge" tests="1" skipped="0" failures="1" errors="0" timestamp="2022-03-10T18:21:49" hostname="ASUS" time="72.738">
  <properties/>
  <testcase name="Perform successful registration on the Utest page" classname="utest technical challenge" time="72.738">
    <failure message="java.lang.AssertionError: Expected answer page&#10;Expected: is &lt;true&gt;&#10;     but: was &lt;false&gt;" type="java.lang.AssertionError">java.lang.AssertionError: Expected answer page
Expected: is &lt;true&gt;
     but: was &lt;false&gt;
	at net.serenitybdd.screenplay.ErrorTally.throwSummaryExceptionFrom(ErrorTally.java:36)
	at net.serenitybdd.screenplay.ErrorTally.reportAnyErrors(ErrorTally.java:30)
	at net.serenitybdd.screenplay.Actor.should(Actor.java:301)
	at co.com.utest.reto.tecnico.stepdefinitios.RetoUtestStepDefinition.userAchievesSuccessfulRegistration(RetoUtestStepDefinition.java:40)
	at ✽.user achieves successful registration(src/test/resources/features/RetoUtest.Feature:13)
</failure>
  </testcase>
  <system-out><![CDATA[]]></system-out>
  <system-err><![CDATA[[Test worker] WARN net.thucydides.core.steps.BaseStepListener - stepStarted: net.thucydides.core.steps.ExecutedStepDescription@4e36f73d
[Test worker] WARN net.thucydides.core.steps.BaseStepListener - stepStarted: net.thucydides.core.steps.ExecutedStepDescription@39928a3f
[Test worker] WARN net.thucydides.core.steps.BaseStepListener - stepStarted: net.thucydides.core.steps.ExecutedStepDescription@63391e2c
mar 10, 2022 1:21:51 PM org.openqa.selenium.remote.DesiredCapabilities chrome
INFORMACIÓN: Using `new ChromeOptions()` is preferred to `DesiredCapabilities.chrome()`
[Test worker] INFO net.serenitybdd.core.webdriver.driverproviders.ProvideNewDriver - Instantiating driver
[Test worker] INFO net.serenitybdd.core.webdriver.driverproviders.ProvideNewDriver - Driver capabilities: Capabilities {acceptInsecureCerts: false, browserName: chrome, chrome.switches: --start-maximized, goog:chromeOptions: {args: [--start-maximized], extensions: []}, loggingPrefs: org.openqa.selenium.logging..., platform: ANY, version: }
Starting ChromeDriver 98.0.4758.102 (273bf7ac8c909cde36982d27f66f3c70846a3718-refs/branch-heads/4758@{#1151}) on port 13939
Only local connections are allowed.
Please see https://chromedriver.chromium.org/security-considerations for suggestions on keeping ChromeDriver safe.
ChromeDriver was started successfully.
[1646936515.322][WARNING]: This version of ChromeDriver has not been tested with Chrome version 99.
mar 10, 2022 1:21:55 PM org.openqa.selenium.remote.ProtocolHandshake createSession
INFORMACIÓN: Detected dialect: W3C
[Test worker] WARN net.thucydides.core.steps.BaseStepListener - stepFinished: current outcome:Perform successful registration on the Utest page:Example: {firstName=Johana, secondName=Grandas, email=joana05@gmail.com, monthBirth=August, dayBirth=2, yearBirth=1982, city=Medellín, zipCode=050015, mobileDevice=Apple, model=iPhone 4, operatingSystem=iOS 11.0.3, password=Reto123456*, answer=Welcome to the world's largest community of freelance software testers!} [Given user starts the registration process in the option join today [Rose open up [Rose opens the Utest page]]]
[Test worker] WARN net.thucydides.core.steps.BaseStepListener - stepFinished: current outcome:Perform successful registration on the Utest page:Example: {firstName=Johana, secondName=Grandas, email=joana05@gmail.com, monthBirth=August, dayBirth=2, yearBirth=1982, city=Medellín, zipCode=050015, mobileDevice=Apple, model=iPhone 4, operatingSystem=iOS 11.0.3, password=Reto123456*, answer=Welcome to the world's largest community of freelance software testers!} [Given user starts the registration process in the option join today [Rose open up [Rose opens the Utest page]]]
[Test worker] WARN net.thucydides.core.steps.BaseStepListener - stepStarted: net.thucydides.core.steps.ExecutedStepDescription@31a840e9
[Test worker] WARN net.thucydides.core.steps.BaseStepListener - stepStarted: net.thucydides.core.steps.ExecutedStepDescription@a35179d
[Test worker] WARN net.thucydides.core.steps.BaseStepListener - stepFinished: current outcome:Perform successful registration on the Utest page:Example: {firstName=Johana, secondName=Grandas, email=joana05@gmail.com, monthBirth=August, dayBirth=2, yearBirth=1982, city=Medellín, zipCode=050015, mobileDevice=Apple, model=iPhone 4, operatingSystem=iOS 11.0.3, password=Reto123456*, answer=Welcome to the world's largest community of freelance software testers!} [Given user starts the registration process in the option join today [Rose open up [Rose opens the Utest page], Rose registration [Rose clicks on Step 1: Tell us about yourself]]]
[Test worker] WARN net.thucydides.core.steps.BaseStepListener - stepFinished: current outcome:Perform successful registration on the Utest page:Example: {firstName=Johana, secondName=Grandas, email=joana05@gmail.com, monthBirth=August, dayBirth=2, yearBirth=1982, city=Medellín, zipCode=050015, mobileDevice=Apple, model=iPhone 4, operatingSystem=iOS 11.0.3, password=Reto123456*, answer=Welcome to the world's largest community of freelance software testers!} [Given user starts the registration process in the option join today [Rose open up [Rose opens the Utest page], Rose registration [Rose clicks on Step 1: Tell us about yourself]]]
[Test worker] WARN net.thucydides.core.steps.BaseStepListener - stepFinished: current outcome:Perform successful registration on the Utest page:Example: {firstName=Johana, secondName=Grandas, email=joana05@gmail.com, monthBirth=August, dayBirth=2, yearBirth=1982, city=Medellín, zipCode=050015, mobileDevice=Apple, model=iPhone 4, operatingSystem=iOS 11.0.3, password=Reto123456*, answer=Welcome to the world's largest community of freelance software testers!} [Given user starts the registration process in the option join today [Rose open up [Rose opens the Utest page], Rose registration [Rose clicks on Step 1: Tell us about yourself]]]
[Test worker] WARN net.thucydides.core.steps.BaseStepListener - stepStarted: net.thucydides.core.steps.ExecutedStepDescription@230bcc71
[Test worker] WARN net.thucydides.core.steps.BaseStepListener - stepStarted: net.thucydides.core.steps.ExecutedStepDescription@56b1ce1e
[Test worker] WARN net.thucydides.core.steps.BaseStepListener - stepStarted: net.thucydides.core.steps.ExecutedStepDescription@2eb3f410
[Test worker] WARN net.thucydides.core.steps.BaseStepListener - stepFinished: current outcome:Perform successful registration on the Utest page:Example: {firstName=Johana, secondName=Grandas, email=joana05@gmail.com, monthBirth=August, dayBirth=2, yearBirth=1982, city=Medellín, zipCode=050015, mobileDevice=Apple, model=iPhone 4, operatingSystem=iOS 11.0.3, password=Reto123456*, answer=Welcome to the world's largest community of freelance software testers!} [Given user starts the registration process in the option join today [Rose open up [Rose opens the Utest page], Rose registration [Rose clicks on Step 1: Tell us about yourself]], When user performs the registration process of the utest page
| firstName | secondName | email | monthBirth | dayBirth | yearBirth | city | zipCode | mobileDevice | model | operatingSystem | password |
| Johana | Grandas | joana05@gmail.com | August | 2 | 1982 | Medellín | 050015 | Apple | iPhone 4 | iOS 11.0.3 | Reto123456* | [Rose step one [Rose enters 'Johana' into first name]]]
[Test worker] WARN net.thucydides.core.steps.BaseStepListener - stepStarted: net.thucydides.core.steps.ExecutedStepDescription@71e761d8
[Test worker] WARN net.thucydides.core.steps.BaseStepListener - stepFinished: current outcome:Perform successful registration on the Utest page:Example: {firstName=Johana, secondName=Grandas, email=joana05@gmail.com, monthBirth=August, dayBirth=2, yearBirth=1982, city=Medellín, zipCode=050015, mobileDevice=Apple, model=iPhone 4, operatingSystem=iOS 11.0.3, password=Reto123456*, answer=Welcome to the world's largest community of freelance software testers!} [Given user starts the registration process in the option join today [Rose open up [Rose opens the Utest page], Rose registration [Rose clicks on Step 1: Tell us about yourself]], When user performs the registration process of the utest page
| firstName | secondName | email | monthBirth | dayBirth | yearBirth | city | zipCode | mobileDevice | model | operatingSystem | password |
| Johana | Grandas | joana05@gmail.com | August | 2 | 1982 | Medellín | 050015 | Apple | iPhone 4 | iOS 11.0.3 | Reto123456* | [Rose step one [Rose enters 'Johana' into first name, Rose enters 'Grandas' into second name]]]
[Test worker] WARN net.thucydides.core.steps.BaseStepListener - stepStarted: net.thucydides.core.steps.ExecutedStepDescription@47d463cc
[Test worker] WARN net.thucydides.core.steps.BaseStepListener - stepFinished: current outcome:Perform successful registration on the Utest page:Example: {firstName=Johana, secondName=Grandas, email=joana05@gmail.com, monthBirth=August, dayBirth=2, yearBirth=1982, city=Medellín, zipCode=050015, mobileDevice=Apple, model=iPhone 4, operatingSystem=iOS 11.0.3, password=Reto123456*, answer=Welcome to the world's largest community of freelance software testers!} [Given user starts the registration process in the option join today [Rose open up [Rose opens the Utest page], Rose registration [Rose clicks on Step 1: Tell us about yourself]], When user performs the registration process of the utest page
| firstName | secondName | email | monthBirth | dayBirth | yearBirth | city | zipCode | mobileDevice | model | operatingSystem | password |
| Johana | Grandas | joana05@gmail.com | August | 2 | 1982 | Medellín | 050015 | Apple | iPhone 4 | iOS 11.0.3 | Reto123456* | [Rose step one [Rose enters 'Johana' into first name, Rose enters 'Grandas' into second name, Rose enters 'joana05@gmail.com' into email]]]
[Test worker] WARN net.thucydides.core.steps.BaseStepListener - stepStarted: net.thucydides.core.steps.ExecutedStepDescription@79ab4cb2
[Test worker] WARN net.thucydides.core.steps.BaseStepListener - stepFinished: current outcome:Perform successful registration on the Utest page:Example: {firstName=Johana, secondName=Grandas, email=joana05@gmail.com, monthBirth=August, dayBirth=2, yearBirth=1982, city=Medellín, zipCode=050015, mobileDevice=Apple, model=iPhone 4, operatingSystem=iOS 11.0.3, password=Reto123456*, answer=Welcome to the world's largest community of freelance software testers!} [Given user starts the registration process in the option join today [Rose open up [Rose opens the Utest page], Rose registration [Rose clicks on Step 1: Tell us about yourself]], When user performs the registration process of the utest page
| firstName | secondName | email | monthBirth | dayBirth | yearBirth | city | zipCode | mobileDevice | model | operatingSystem | password |
| Johana | Grandas | joana05@gmail.com | August | 2 | 1982 | Medellín | 050015 | Apple | iPhone 4 | iOS 11.0.3 | Reto123456* | [Rose step one [Rose enters 'Johana' into first name, Rose enters 'Grandas' into second name, Rose enters 'joana05@gmail.com' into email, Rose clicks on month]]]
[Test worker] WARN net.thucydides.core.steps.BaseStepListener - stepStarted: net.thucydides.core.steps.ExecutedStepDescription@453fce19
[Test worker] WARN net.thucydides.core.steps.BaseStepListener - stepFinished: current outcome:Perform successful registration on the Utest page:Example: {firstName=Johana, secondName=Grandas, email=joana05@gmail.com, monthBirth=August, dayBirth=2, yearBirth=1982, city=Medellín, zipCode=050015, mobileDevice=Apple, model=iPhone 4, operatingSystem=iOS 11.0.3, password=Reto123456*, answer=Welcome to the world's largest community of freelance software testers!} [Given user starts the registration process in the option join today [Rose open up [Rose opens the Utest page], Rose registration [Rose clicks on Step 1: Tell us about yourself]], When user performs the registration process of the utest page
| firstName | secondName | email | monthBirth | dayBirth | yearBirth | city | zipCode | mobileDevice | model | operatingSystem | password |
| Johana | Grandas | joana05@gmail.com | August | 2 | 1982 | Medellín | 050015 | Apple | iPhone 4 | iOS 11.0.3 | Reto123456* | [Rose step one [Rose enters 'Johana' into first name, Rose enters 'Grandas' into second name, Rose enters 'joana05@gmail.com' into email, Rose clicks on month, Rose clicks on day]]]
[Test worker] WARN net.thucydides.core.steps.BaseStepListener - stepStarted: net.thucydides.core.steps.ExecutedStepDescription@35cf7493
[Test worker] WARN net.thucydides.core.steps.BaseStepListener - stepFinished: current outcome:Perform successful registration on the Utest page:Example: {firstName=Johana, secondName=Grandas, email=joana05@gmail.com, monthBirth=August, dayBirth=2, yearBirth=1982, city=Medellín, zipCode=050015, mobileDevice=Apple, model=iPhone 4, operatingSystem=iOS 11.0.3, password=Reto123456*, answer=Welcome to the world's largest community of freelance software testers!} [Given user starts the registration process in the option join today [Rose open up [Rose opens the Utest page], Rose registration [Rose clicks on Step 1: Tell us about yourself]], When user performs the registration process of the utest page
| firstName | secondName | email | monthBirth | dayBirth | yearBirth | city | zipCode | mobileDevice | model | operatingSystem | password |
| Johana | Grandas | joana05@gmail.com | August | 2 | 1982 | Medellín | 050015 | Apple | iPhone 4 | iOS 11.0.3 | Reto123456* | [Rose step one [Rose enters 'Johana' into first name, Rose enters 'Grandas' into second name, Rose enters 'joana05@gmail.com' into email, Rose clicks on month, Rose clicks on day, Rose clicks on year]]]
[Test worker] WARN net.thucydides.core.steps.BaseStepListener - stepStarted: net.thucydides.core.steps.ExecutedStepDescription@192fe769
[Test worker] WARN net.thucydides.core.steps.BaseStepListener - stepFinished: current outcome:Perform successful registration on the Utest page:Example: {firstName=Johana, secondName=Grandas, email=joana05@gmail.com, monthBirth=August, dayBirth=2, yearBirth=1982, city=Medellín, zipCode=050015, mobileDevice=Apple, model=iPhone 4, operatingSystem=iOS 11.0.3, password=Reto123456*, answer=Welcome to the world's largest community of freelance software testers!} [Given user starts the registration process in the option join today [Rose open up [Rose opens the Utest page], Rose registration [Rose clicks on Step 1: Tell us about yourself]], When user performs the registration process of the utest page
| firstName | secondName | email | monthBirth | dayBirth | yearBirth | city | zipCode | mobileDevice | model | operatingSystem | password |
| Johana | Grandas | joana05@gmail.com | August | 2 | 1982 | Medellín | 050015 | Apple | iPhone 4 | iOS 11.0.3 | Reto123456* | [Rose step one [Rose enters 'Johana' into first name, Rose enters 'Grandas' into second name, Rose enters 'joana05@gmail.com' into email, Rose clicks on month, Rose clicks on day, Rose clicks on year, Rose clicks on Button step two]]]
[Test worker] WARN net.thucydides.core.steps.BaseStepListener - stepFinished: current outcome:Perform successful registration on the Utest page:Example: {firstName=Johana, secondName=Grandas, email=joana05@gmail.com, monthBirth=August, dayBirth=2, yearBirth=1982, city=Medellín, zipCode=050015, mobileDevice=Apple, model=iPhone 4, operatingSystem=iOS 11.0.3, password=Reto123456*, answer=Welcome to the world's largest community of freelance software testers!} [Given user starts the registration process in the option join today [Rose open up [Rose opens the Utest page], Rose registration [Rose clicks on Step 1: Tell us about yourself]], When user performs the registration process of the utest page
| firstName | secondName | email | monthBirth | dayBirth | yearBirth | city | zipCode | mobileDevice | model | operatingSystem | password |
| Johana | Grandas | joana05@gmail.com | August | 2 | 1982 | Medellín | 050015 | Apple | iPhone 4 | iOS 11.0.3 | Reto123456* | [Rose step one [Rose enters 'Johana' into first name, Rose enters 'Grandas' into second name, Rose enters 'joana05@gmail.com' into email, Rose clicks on month, Rose clicks on day, Rose clicks on year, Rose clicks on Button step two]]]
[Test worker] WARN net.thucydides.core.steps.BaseStepListener - stepStarted: net.thucydides.core.steps.ExecutedStepDescription@42189b00
[Test worker] WARN net.thucydides.core.steps.BaseStepListener - stepStarted: net.thucydides.core.steps.ExecutedStepDescription@1feb70d6
[Test worker] WARN net.thucydides.core.steps.BaseStepListener - stepFinished: current outcome:Perform successful registration on the Utest page:Example: {firstName=Johana, secondName=Grandas, email=joana05@gmail.com, monthBirth=August, dayBirth=2, yearBirth=1982, city=Medellín, zipCode=050015, mobileDevice=Apple, model=iPhone 4, operatingSystem=iOS 11.0.3, password=Reto123456*, answer=Welcome to the world's largest community of freelance software testers!} [Given user starts the registration process in the option join today [Rose open up [Rose opens the Utest page], Rose registration [Rose clicks on Step 1: Tell us about yourself]], When user performs the registration process of the utest page
| firstName | secondName | email | monthBirth | dayBirth | yearBirth | city | zipCode | mobileDevice | model | operatingSystem | password |
| Johana | Grandas | joana05@gmail.com | August | 2 | 1982 | Medellín | 050015 | Apple | iPhone 4 | iOS 11.0.3 | Reto123456* | [Rose step one [Rose enters 'Johana' into first name, Rose enters 'Grandas' into second name, Rose enters 'joana05@gmail.com' into email, Rose clicks on month, Rose clicks on day, Rose clicks on year, Rose clicks on Button step two], Rose step two [Rose clicks on city]]]
[Test worker] WARN net.thucydides.core.steps.BaseStepListener - stepStarted: net.thucydides.core.steps.ExecutedStepDescription@5605a8c3
[Test worker] WARN net.thucydides.core.steps.BaseStepListener - stepFinished: current outcome:Perform successful registration on the Utest page:Example: {firstName=Johana, secondName=Grandas, email=joana05@gmail.com, monthBirth=August, dayBirth=2, yearBirth=1982, city=Medellín, zipCode=050015, mobileDevice=Apple, model=iPhone 4, operatingSystem=iOS 11.0.3, password=Reto123456*, answer=Welcome to the world's largest community of freelance software testers!} [Given user starts the registration process in the option join today [Rose open up [Rose opens the Utest page], Rose registration [Rose clicks on Step 1: Tell us about yourself]], When user performs the registration process of the utest page
| firstName | secondName | email | monthBirth | dayBirth | yearBirth | city | zipCode | mobileDevice | model | operatingSystem | password |
| Johana | Grandas | joana05@gmail.com | August | 2 | 1982 | Medellín | 050015 | Apple | iPhone 4 | iOS 11.0.3 | Reto123456* | [Rose step one [Rose enters 'Johana' into first name, Rose enters 'Grandas' into second name, Rose enters 'joana05@gmail.com' into email, Rose clicks on month, Rose clicks on day, Rose clicks on year, Rose clicks on Button step two], Rose step two [Rose clicks on city, Rose clears field city]]]
[Test worker] WARN net.thucydides.core.steps.BaseStepListener - stepStarted: net.thucydides.core.steps.ExecutedStepDescription@3bdbce96
[Test worker] WARN net.thucydides.core.steps.BaseStepListener - stepFinished: current outcome:Perform successful registration on the Utest page:Example: {firstName=Johana, secondName=Grandas, email=joana05@gmail.com, monthBirth=August, dayBirth=2, yearBirth=1982, city=Medellín, zipCode=050015, mobileDevice=Apple, model=iPhone 4, operatingSystem=iOS 11.0.3, password=Reto123456*, answer=Welcome to the world's largest community of freelance software testers!} [Given user starts the registration process in the option join today [Rose open up [Rose opens the Utest page], Rose registration [Rose clicks on Step 1: Tell us about yourself]], When user performs the registration process of the utest page
| firstName | secondName | email | monthBirth | dayBirth | yearBirth | city | zipCode | mobileDevice | model | operatingSystem | password |
| Johana | Grandas | joana05@gmail.com | August | 2 | 1982 | Medellín | 050015 | Apple | iPhone 4 | iOS 11.0.3 | Reto123456* | [Rose step one [Rose enters 'Johana' into first name, Rose enters 'Grandas' into second name, Rose enters 'joana05@gmail.com' into email, Rose clicks on month, Rose clicks on day, Rose clicks on year, Rose clicks on Button step two], Rose step two [Rose clicks on city, Rose clears field city, Rose enters 'Medellín' into city]]]
[Test worker] WARN net.thucydides.core.steps.BaseStepListener - stepStarted: net.thucydides.core.steps.ExecutedStepDescription@1c12b151
[Test worker] WARN net.thucydides.core.steps.BaseStepListener - stepFinished: current outcome:Perform successful registration on the Utest page:Example: {firstName=Johana, secondName=Grandas, email=joana05@gmail.com, monthBirth=August, dayBirth=2, yearBirth=1982, city=Medellín, zipCode=050015, mobileDevice=Apple, model=iPhone 4, operatingSystem=iOS 11.0.3, password=Reto123456*, answer=Welcome to the world's largest community of freelance software testers!} [Given user starts the registration process in the option join today [Rose open up [Rose opens the Utest page], Rose registration [Rose clicks on Step 1: Tell us about yourself]], When user performs the registration process of the utest page
| firstName | secondName | email | monthBirth | dayBirth | yearBirth | city | zipCode | mobileDevice | model | operatingSystem | password |
| Johana | Grandas | joana05@gmail.com | August | 2 | 1982 | Medellín | 050015 | Apple | iPhone 4 | iOS 11.0.3 | Reto123456* | [Rose step one [Rose enters 'Johana' into first name, Rose enters 'Grandas' into second name, Rose enters 'joana05@gmail.com' into email, Rose clicks on month, Rose clicks on day, Rose clicks on year, Rose clicks on Button step two], Rose step two [Rose clicks on city, Rose clears field city, Rose enters 'Medellín' into city, Rose enters ARROW_DOWN into city]]]
[Test worker] WARN net.thucydides.core.steps.BaseStepListener - stepStarted: net.thucydides.core.steps.ExecutedStepDescription@3a5431e9
[Test worker] WARN net.thucydides.core.steps.BaseStepListener - stepFinished: current outcome:Perform successful registration on the Utest page:Example: {firstName=Johana, secondName=Grandas, email=joana05@gmail.com, monthBirth=August, dayBirth=2, yearBirth=1982, city=Medellín, zipCode=050015, mobileDevice=Apple, model=iPhone 4, operatingSystem=iOS 11.0.3, password=Reto123456*, answer=Welcome to the world's largest community of freelance software testers!} [Given user starts the registration process in the option join today [Rose open up [Rose opens the Utest page], Rose registration [Rose clicks on Step 1: Tell us about yourself]], When user performs the registration process of the utest page
| firstName | secondName | email | monthBirth | dayBirth | yearBirth | city | zipCode | mobileDevice | model | operatingSystem | password |
| Johana | Grandas | joana05@gmail.com | August | 2 | 1982 | Medellín | 050015 | Apple | iPhone 4 | iOS 11.0.3 | Reto123456* | [Rose step one [Rose enters 'Johana' into first name, Rose enters 'Grandas' into second name, Rose enters 'joana05@gmail.com' into email, Rose clicks on month, Rose clicks on day, Rose clicks on year, Rose clicks on Button step two], Rose step two [Rose clicks on city, Rose clears field city, Rose enters 'Medellín' into city, Rose enters ARROW_DOWN into city, Rose enters ENTER into city]]]
[Test worker] WARN net.thucydides.core.steps.BaseStepListener - stepStarted: net.thucydides.core.steps.ExecutedStepDescription@7541f1bd
[Test worker] WARN net.thucydides.core.steps.BaseStepListener - stepFinished: current outcome:Perform successful registration on the Utest page:Example: {firstName=Johana, secondName=Grandas, email=joana05@gmail.com, monthBirth=August, dayBirth=2, yearBirth=1982, city=Medellín, zipCode=050015, mobileDevice=Apple, model=iPhone 4, operatingSystem=iOS 11.0.3, password=Reto123456*, answer=Welcome to the world's largest community of freelance software testers!} [Given user starts the registration process in the option join today [Rose open up [Rose opens the Utest page], Rose registration [Rose clicks on Step 1: Tell us about yourself]], When user performs the registration process of the utest page
| firstName | secondName | email | monthBirth | dayBirth | yearBirth | city | zipCode | mobileDevice | model | operatingSystem | password |
| Johana | Grandas | joana05@gmail.com | August | 2 | 1982 | Medellín | 050015 | Apple | iPhone 4 | iOS 11.0.3 | Reto123456* | [Rose step one [Rose enters 'Johana' into first name, Rose enters 'Grandas' into second name, Rose enters 'joana05@gmail.com' into email, Rose clicks on month, Rose clicks on day, Rose clicks on year, Rose clicks on Button step two], Rose step two [Rose clicks on city, Rose clears field city, Rose enters 'Medellín' into city, Rose enters ARROW_DOWN into city, Rose enters ENTER into city, Rose clicks on zip code]]]
[Test worker] WARN net.thucydides.core.steps.BaseStepListener - stepStarted: net.thucydides.core.steps.ExecutedStepDescription@3ebadd9
[Test worker] WARN net.thucydides.core.steps.BaseStepListener - stepFinished: current outcome:Perform successful registration on the Utest page:Example: {firstName=Johana, secondName=Grandas, email=joana05@gmail.com, monthBirth=August, dayBirth=2, yearBirth=1982, city=Medellín, zipCode=050015, mobileDevice=Apple, model=iPhone 4, operatingSystem=iOS 11.0.3, password=Reto123456*, answer=Welcome to the world's largest community of freelance software testers!} [Given user starts the registration process in the option join today [Rose open up [Rose opens the Utest page], Rose registration [Rose clicks on Step 1: Tell us about yourself]], When user performs the registration process of the utest page
| firstName | secondName | email | monthBirth | dayBirth | yearBirth | city | zipCode | mobileDevice | model | operatingSystem | password |
| Johana | Grandas | joana05@gmail.com | August | 2 | 1982 | Medellín | 050015 | Apple | iPhone 4 | iOS 11.0.3 | Reto123456* | [Rose step one [Rose enters 'Johana' into first name, Rose enters 'Grandas' into second name, Rose enters 'joana05@gmail.com' into email, Rose clicks on month, Rose clicks on day, Rose clicks on year, Rose clicks on Button step two], Rose step two [Rose clicks on city, Rose clears field city, Rose enters 'Medellín' into city, Rose enters ARROW_DOWN into city, Rose enters ENTER into city, Rose clicks on zip code, Rose clears field zip code]]]
[Test worker] WARN net.thucydides.core.steps.BaseStepListener - stepStarted: net.thucydides.core.steps.ExecutedStepDescription@7e14bf4d
[Test worker] WARN net.thucydides.core.steps.BaseStepListener - stepFinished: current outcome:Perform successful registration on the Utest page:Example: {firstName=Johana, secondName=Grandas, email=joana05@gmail.com, monthBirth=August, dayBirth=2, yearBirth=1982, city=Medellín, zipCode=050015, mobileDevice=Apple, model=iPhone 4, operatingSystem=iOS 11.0.3, password=Reto123456*, answer=Welcome to the world's largest community of freelance software testers!} [Given user starts the registration process in the option join today [Rose open up [Rose opens the Utest page], Rose registration [Rose clicks on Step 1: Tell us about yourself]], When user performs the registration process of the utest page
| firstName | secondName | email | monthBirth | dayBirth | yearBirth | city | zipCode | mobileDevice | model | operatingSystem | password |
| Johana | Grandas | joana05@gmail.com | August | 2 | 1982 | Medellín | 050015 | Apple | iPhone 4 | iOS 11.0.3 | Reto123456* | [Rose step one [Rose enters 'Johana' into first name, Rose enters 'Grandas' into second name, Rose enters 'joana05@gmail.com' into email, Rose clicks on month, Rose clicks on day, Rose clicks on year, Rose clicks on Button step two], Rose step two [Rose clicks on city, Rose clears field city, Rose enters 'Medellín' into city, Rose enters ARROW_DOWN into city, Rose enters ENTER into city, Rose clicks on zip code, Rose clears field zip code, Rose enters '050015' into zip code]]]
[Test worker] WARN net.thucydides.core.steps.BaseStepListener - stepStarted: net.thucydides.core.steps.ExecutedStepDescription@333bb5ef
[Test worker] WARN net.thucydides.core.steps.BaseStepListener - stepFinished: current outcome:Perform successful registration on the Utest page:Example: {firstName=Johana, secondName=Grandas, email=joana05@gmail.com, monthBirth=August, dayBirth=2, yearBirth=1982, city=Medellín, zipCode=050015, mobileDevice=Apple, model=iPhone 4, operatingSystem=iOS 11.0.3, password=Reto123456*, answer=Welcome to the world's largest community of freelance software testers!} [Given user starts the registration process in the option join today [Rose open up [Rose opens the Utest page], Rose registration [Rose clicks on Step 1: Tell us about yourself]], When user performs the registration process of the utest page
| firstName | secondName | email | monthBirth | dayBirth | yearBirth | city | zipCode | mobileDevice | model | operatingSystem | password |
| Johana | Grandas | joana05@gmail.com | August | 2 | 1982 | Medellín | 050015 | Apple | iPhone 4 | iOS 11.0.3 | Reto123456* | [Rose step one [Rose enters 'Johana' into first name, Rose enters 'Grandas' into second name, Rose enters 'joana05@gmail.com' into email, Rose clicks on month, Rose clicks on day, Rose clicks on year, Rose clicks on Button step two], Rose step two [Rose clicks on city, Rose clears field city, Rose enters 'Medellín' into city, Rose enters ARROW_DOWN into city, Rose enters ENTER into city, Rose clicks on zip code, Rose clears field zip code, Rose enters '050015' into zip code, Rose clicks on Button step Three]]]
[Test worker] WARN net.thucydides.core.steps.BaseStepListener - stepFinished: current outcome:Perform successful registration on the Utest page:Example: {firstName=Johana, secondName=Grandas, email=joana05@gmail.com, monthBirth=August, dayBirth=2, yearBirth=1982, city=Medellín, zipCode=050015, mobileDevice=Apple, model=iPhone 4, operatingSystem=iOS 11.0.3, password=Reto123456*, answer=Welcome to the world's largest community of freelance software testers!} [Given user starts the registration process in the option join today [Rose open up [Rose opens the Utest page], Rose registration [Rose clicks on Step 1: Tell us about yourself]], When user performs the registration process of the utest page
| firstName | secondName | email | monthBirth | dayBirth | yearBirth | city | zipCode | mobileDevice | model | operatingSystem | password |
| Johana | Grandas | joana05@gmail.com | August | 2 | 1982 | Medellín | 050015 | Apple | iPhone 4 | iOS 11.0.3 | Reto123456* | [Rose step one [Rose enters 'Johana' into first name, Rose enters 'Grandas' into second name, Rose enters 'joana05@gmail.com' into email, Rose clicks on month, Rose clicks on day, Rose clicks on year, Rose clicks on Button step two], Rose step two [Rose clicks on city, Rose clears field city, Rose enters 'Medellín' into city, Rose enters ARROW_DOWN into city, Rose enters ENTER into city, Rose clicks on zip code, Rose clears field zip code, Rose enters '050015' into zip code, Rose clicks on Button step Three]]]
[Test worker] WARN net.thucydides.core.steps.BaseStepListener - stepStarted: net.thucydides.core.steps.ExecutedStepDescription@6a246047
[Test worker] WARN net.thucydides.core.steps.BaseStepListener - stepStarted: net.thucydides.core.steps.ExecutedStepDescription@36d38e86
[Test worker] WARN net.thucydides.core.steps.BaseStepListener - stepFinished: current outcome:Perform successful registration on the Utest page:Example: {firstName=Johana, secondName=Grandas, email=joana05@gmail.com, monthBirth=August, dayBirth=2, yearBirth=1982, city=Medellín, zipCode=050015, mobileDevice=Apple, model=iPhone 4, operatingSystem=iOS 11.0.3, password=Reto123456*, answer=Welcome to the world's largest community of freelance software testers!} [Given user starts the registration process in the option join today [Rose open up [Rose opens the Utest page], Rose registration [Rose clicks on Step 1: Tell us about yourself]], When user performs the registration process of the utest page
| firstName | secondName | email | monthBirth | dayBirth | yearBirth | city | zipCode | mobileDevice | model | operatingSystem | password |
| Johana | Grandas | joana05@gmail.com | August | 2 | 1982 | Medellín | 050015 | Apple | iPhone 4 | iOS 11.0.3 | Reto123456* | [Rose step one [Rose enters 'Johana' into first name, Rose enters 'Grandas' into second name, Rose enters 'joana05@gmail.com' into email, Rose clicks on month, Rose clicks on day, Rose clicks on year, Rose clicks on Button step two], Rose step two [Rose clicks on city, Rose clears field city, Rose enters 'Medellín' into city, Rose enters ARROW_DOWN into city, Rose enters ENTER into city, Rose clicks on zip code, Rose clears field zip code, Rose enters '050015' into zip code, Rose clicks on Button step Three], Rose step three [Rose clicks on mobile device]]]
[Test worker] WARN net.thucydides.core.steps.BaseStepListener - stepStarted: net.thucydides.core.steps.ExecutedStepDescription@5d9537de
[Test worker] WARN net.thucydides.core.steps.BaseStepListener - stepFinished: current outcome:Perform successful registration on the Utest page:Example: {firstName=Johana, secondName=Grandas, email=joana05@gmail.com, monthBirth=August, dayBirth=2, yearBirth=1982, city=Medellín, zipCode=050015, mobileDevice=Apple, model=iPhone 4, operatingSystem=iOS 11.0.3, password=Reto123456*, answer=Welcome to the world's largest community of freelance software testers!} [Given user starts the registration process in the option join today [Rose open up [Rose opens the Utest page], Rose registration [Rose clicks on Step 1: Tell us about yourself]], When user performs the registration process of the utest page
| firstName | secondName | email | monthBirth | dayBirth | yearBirth | city | zipCode | mobileDevice | model | operatingSystem | password |
| Johana | Grandas | joana05@gmail.com | August | 2 | 1982 | Medellín | 050015 | Apple | iPhone 4 | iOS 11.0.3 | Reto123456* | [Rose step one [Rose enters 'Johana' into first name, Rose enters 'Grandas' into second name, Rose enters 'joana05@gmail.com' into email, Rose clicks on month, Rose clicks on day, Rose clicks on year, Rose clicks on Button step two], Rose step two [Rose clicks on city, Rose clears field city, Rose enters 'Medellín' into city, Rose enters ARROW_DOWN into city, Rose enters ENTER into city, Rose clicks on zip code, Rose clears field zip code, Rose enters '050015' into zip code, Rose clicks on Button step Three], Rose step three [Rose clicks on mobile device, Rose enters 'Apple' into mobile device]]]
[Test worker] WARN net.thucydides.core.steps.BaseStepListener - stepStarted: net.thucydides.core.steps.ExecutedStepDescription@720ecc5
[Test worker] WARN net.thucydides.core.steps.BaseStepListener - stepFinished: current outcome:Perform successful registration on the Utest page:Example: {firstName=Johana, secondName=Grandas, email=joana05@gmail.com, monthBirth=August, dayBirth=2, yearBirth=1982, city=Medellín, zipCode=050015, mobileDevice=Apple, model=iPhone 4, operatingSystem=iOS 11.0.3, password=Reto123456*, answer=Welcome to the world's largest community of freelance software testers!} [Given user starts the registration process in the option join today [Rose open up [Rose opens the Utest page], Rose registration [Rose clicks on Step 1: Tell us about yourself]], When user performs the registration process of the utest page
| firstName | secondName | email | monthBirth | dayBirth | yearBirth | city | zipCode | mobileDevice | model | operatingSystem | password |
| Johana | Grandas | joana05@gmail.com | August | 2 | 1982 | Medellín | 050015 | Apple | iPhone 4 | iOS 11.0.3 | Reto123456* | [Rose step one [Rose enters 'Johana' into first name, Rose enters 'Grandas' into second name, Rose enters 'joana05@gmail.com' into email, Rose clicks on month, Rose clicks on day, Rose clicks on year, Rose clicks on Button step two], Rose step two [Rose clicks on city, Rose clears field city, Rose enters 'Medellín' into city, Rose enters ARROW_DOWN into city, Rose enters ENTER into city, Rose clicks on zip code, Rose clears field zip code, Rose enters '050015' into zip code, Rose clicks on Button step Three], Rose step three [Rose clicks on mobile device, Rose enters 'Apple' into mobile device, Rose enters ENTER into mobile device]]]
[Test worker] WARN net.thucydides.core.steps.BaseStepListener - stepStarted: net.thucydides.core.steps.ExecutedStepDescription@67bf6bea
[Test worker] WARN net.thucydides.core.steps.BaseStepListener - stepFinished: current outcome:Perform successful registration on the Utest page:Example: {firstName=Johana, secondName=Grandas, email=joana05@gmail.com, monthBirth=August, dayBirth=2, yearBirth=1982, city=Medellín, zipCode=050015, mobileDevice=Apple, model=iPhone 4, operatingSystem=iOS 11.0.3, password=Reto123456*, answer=Welcome to the world's largest community of freelance software testers!} [Given user starts the registration process in the option join today [Rose open up [Rose opens the Utest page], Rose registration [Rose clicks on Step 1: Tell us about yourself]], When user performs the registration process of the utest page
| firstName | secondName | email | monthBirth | dayBirth | yearBirth | city | zipCode | mobileDevice | model | operatingSystem | password |
| Johana | Grandas | joana05@gmail.com | August | 2 | 1982 | Medellín | 050015 | Apple | iPhone 4 | iOS 11.0.3 | Reto123456* | [Rose step one [Rose enters 'Johana' into first name, Rose enters 'Grandas' into second name, Rose enters 'joana05@gmail.com' into email, Rose clicks on month, Rose clicks on day, Rose clicks on year, Rose clicks on Button step two], Rose step two [Rose clicks on city, Rose clears field city, Rose enters 'Medellín' into city, Rose enters ARROW_DOWN into city, Rose enters ENTER into city, Rose clicks on zip code, Rose clears field zip code, Rose enters '050015' into zip code, Rose clicks on Button step Three], Rose step three [Rose clicks on mobile device, Rose enters 'Apple' into mobile device, Rose enters ENTER into mobile device, Rose clicks on model]]]
[Test worker] WARN net.thucydides.core.steps.BaseStepListener - stepStarted: net.thucydides.core.steps.ExecutedStepDescription@73fa2b59
[Test worker] WARN net.thucydides.core.steps.BaseStepListener - stepFinished: current outcome:Perform successful registration on the Utest page:Example: {firstName=Johana, secondName=Grandas, email=joana05@gmail.com, monthBirth=August, dayBirth=2, yearBirth=1982, city=Medellín, zipCode=050015, mobileDevice=Apple, model=iPhone 4, operatingSystem=iOS 11.0.3, password=Reto123456*, answer=Welcome to the world's largest community of freelance software testers!} [Given user starts the registration process in the option join today [Rose open up [Rose opens the Utest page], Rose registration [Rose clicks on Step 1: Tell us about yourself]], When user performs the registration process of the utest page
| firstName | secondName | email | monthBirth | dayBirth | yearBirth | city | zipCode | mobileDevice | model | operatingSystem | password |
| Johana | Grandas | joana05@gmail.com | August | 2 | 1982 | Medellín | 050015 | Apple | iPhone 4 | iOS 11.0.3 | Reto123456* | [Rose step one [Rose enters 'Johana' into first name, Rose enters 'Grandas' into second name, Rose enters 'joana05@gmail.com' into email, Rose clicks on month, Rose clicks on day, Rose clicks on year, Rose clicks on Button step two], Rose step two [Rose clicks on city, Rose clears field city, Rose enters 'Medellín' into city, Rose enters ARROW_DOWN into city, Rose enters ENTER into city, Rose clicks on zip code, Rose clears field zip code, Rose enters '050015' into zip code, Rose clicks on Button step Three], Rose step three [Rose clicks on mobile device, Rose enters 'Apple' into mobile device, Rose enters ENTER into mobile device, Rose clicks on model, Rose enters 'iPhone 4' into model]]]
[Test worker] WARN net.thucydides.core.steps.BaseStepListener - stepStarted: net.thucydides.core.steps.ExecutedStepDescription@447cc61
[Test worker] WARN net.thucydides.core.steps.BaseStepListener - stepFinished: current outcome:Perform successful registration on the Utest page:Example: {firstName=Johana, secondName=Grandas, email=joana05@gmail.com, monthBirth=August, dayBirth=2, yearBirth=1982, city=Medellín, zipCode=050015, mobileDevice=Apple, model=iPhone 4, operatingSystem=iOS 11.0.3, password=Reto123456*, answer=Welcome to the world's largest community of freelance software testers!} [Given user starts the registration process in the option join today [Rose open up [Rose opens the Utest page], Rose registration [Rose clicks on Step 1: Tell us about yourself]], When user performs the registration process of the utest page
| firstName | secondName | email | monthBirth | dayBirth | yearBirth | city | zipCode | mobileDevice | model | operatingSystem | password |
| Johana | Grandas | joana05@gmail.com | August | 2 | 1982 | Medellín | 050015 | Apple | iPhone 4 | iOS 11.0.3 | Reto123456* | [Rose step one [Rose enters 'Johana' into first name, Rose enters 'Grandas' into second name, Rose enters 'joana05@gmail.com' into email, Rose clicks on month, Rose clicks on day, Rose clicks on year, Rose clicks on Button step two], Rose step two [Rose clicks on city, Rose clears field city, Rose enters 'Medellín' into city, Rose enters ARROW_DOWN into city, Rose enters ENTER into city, Rose clicks on zip code, Rose clears field zip code, Rose enters '050015' into zip code, Rose clicks on Button step Three], Rose step three [Rose clicks on mobile device, Rose enters 'Apple' into mobile device, Rose enters ENTER into mobile device, Rose clicks on model, Rose enters 'iPhone 4' into model, Rose enters ENTER into model]]]
[Test worker] WARN net.thucydides.core.steps.BaseStepListener - stepStarted: net.thucydides.core.steps.ExecutedStepDescription@ad3e639
[Test worker] WARN net.thucydides.core.steps.BaseStepListener - stepFinished: current outcome:Perform successful registration on the Utest page:Example: {firstName=Johana, secondName=Grandas, email=joana05@gmail.com, monthBirth=August, dayBirth=2, yearBirth=1982, city=Medellín, zipCode=050015, mobileDevice=Apple, model=iPhone 4, operatingSystem=iOS 11.0.3, password=Reto123456*, answer=Welcome to the world's largest community of freelance software testers!} [Given user starts the registration process in the option join today [Rose open up [Rose opens the Utest page], Rose registration [Rose clicks on Step 1: Tell us about yourself]], When user performs the registration process of the utest page
| firstName | secondName | email | monthBirth | dayBirth | yearBirth | city | zipCode | mobileDevice | model | operatingSystem | password |
| Johana | Grandas | joana05@gmail.com | August | 2 | 1982 | Medellín | 050015 | Apple | iPhone 4 | iOS 11.0.3 | Reto123456* | [Rose step one [Rose enters 'Johana' into first name, Rose enters 'Grandas' into second name, Rose enters 'joana05@gmail.com' into email, Rose clicks on month, Rose clicks on day, Rose clicks on year, Rose clicks on Button step two], Rose step two [Rose clicks on city, Rose clears field city, Rose enters 'Medellín' into city, Rose enters ARROW_DOWN into city, Rose enters ENTER into city, Rose clicks on zip code, Rose clears field zip code, Rose enters '050015' into zip code, Rose clicks on Button step Three], Rose step three [Rose clicks on mobile device, Rose enters 'Apple' into mobile device, Rose enters ENTER into mobile device, Rose clicks on model, Rose enters 'iPhone 4' into model, Rose enters ENTER into model, Rose clicks on operating system]]]
[Test worker] WARN net.thucydides.core.steps.BaseStepListener - stepStarted: net.thucydides.core.steps.ExecutedStepDescription@557d06e
[Test worker] WARN net.thucydides.core.steps.BaseStepListener - stepFinished: current outcome:Perform successful registration on the Utest page:Example: {firstName=Johana, secondName=Grandas, email=joana05@gmail.com, monthBirth=August, dayBirth=2, yearBirth=1982, city=Medellín, zipCode=050015, mobileDevice=Apple, model=iPhone 4, operatingSystem=iOS 11.0.3, password=Reto123456*, answer=Welcome to the world's largest community of freelance software testers!} [Given user starts the registration process in the option join today [Rose open up [Rose opens the Utest page], Rose registration [Rose clicks on Step 1: Tell us about yourself]], When user performs the registration process of the utest page
| firstName | secondName | email | monthBirth | dayBirth | yearBirth | city | zipCode | mobileDevice | model | operatingSystem | password |
| Johana | Grandas | joana05@gmail.com | August | 2 | 1982 | Medellín | 050015 | Apple | iPhone 4 | iOS 11.0.3 | Reto123456* | [Rose step one [Rose enters 'Johana' into first name, Rose enters 'Grandas' into second name, Rose enters 'joana05@gmail.com' into email, Rose clicks on month, Rose clicks on day, Rose clicks on year, Rose clicks on Button step two], Rose step two [Rose clicks on city, Rose clears field city, Rose enters 'Medellín' into city, Rose enters ARROW_DOWN into city, Rose enters ENTER into city, Rose clicks on zip code, Rose clears field zip code, Rose enters '050015' into zip code, Rose clicks on Button step Three], Rose step three [Rose clicks on mobile device, Rose enters 'Apple' into mobile device, Rose enters ENTER into mobile device, Rose clicks on model, Rose enters 'iPhone 4' into model, Rose enters ENTER into model, Rose clicks on operating system, Rose enters 'iPhone 4' into operating system]]]
[Test worker] WARN net.thucydides.core.steps.BaseStepListener - stepStarted: net.thucydides.core.steps.ExecutedStepDescription@1f57c995
[Test worker] WARN net.thucydides.core.steps.BaseStepListener - stepFinished: current outcome:Perform successful registration on the Utest page:Example: {firstName=Johana, secondName=Grandas, email=joana05@gmail.com, monthBirth=August, dayBirth=2, yearBirth=1982, city=Medellín, zipCode=050015, mobileDevice=Apple, model=iPhone 4, operatingSystem=iOS 11.0.3, password=Reto123456*, answer=Welcome to the world's largest community of freelance software testers!} [Given user starts the registration process in the option join today [Rose open up [Rose opens the Utest page], Rose registration [Rose clicks on Step 1: Tell us about yourself]], When user performs the registration process of the utest page
| firstName | secondName | email | monthBirth | dayBirth | yearBirth | city | zipCode | mobileDevice | model | operatingSystem | password |
| Johana | Grandas | joana05@gmail.com | August | 2 | 1982 | Medellín | 050015 | Apple | iPhone 4 | iOS 11.0.3 | Reto123456* | [Rose step one [Rose enters 'Johana' into first name, Rose enters 'Grandas' into second name, Rose enters 'joana05@gmail.com' into email, Rose clicks on month, Rose clicks on day, Rose clicks on year, Rose clicks on Button step two], Rose step two [Rose clicks on city, Rose clears field city, Rose enters 'Medellín' into city, Rose enters ARROW_DOWN into city, Rose enters ENTER into city, Rose clicks on zip code, Rose clears field zip code, Rose enters '050015' into zip code, Rose clicks on Button step Three], Rose step three [Rose clicks on mobile device, Rose enters 'Apple' into mobile device, Rose enters ENTER into mobile device, Rose clicks on model, Rose enters 'iPhone 4' into model, Rose enters ENTER into model, Rose clicks on operating system, Rose enters 'iPhone 4' into operating system, Rose enters ENTER into operating system]]]
[Test worker] WARN net.thucydides.core.steps.BaseStepListener - stepStarted: net.thucydides.core.steps.ExecutedStepDescription@1092b04b
[Test worker] WARN net.thucydides.core.steps.BaseStepListener - stepFinished: current outcome:Perform successful registration on the Utest page:Example: {firstName=Johana, secondName=Grandas, email=joana05@gmail.com, monthBirth=August, dayBirth=2, yearBirth=1982, city=Medellín, zipCode=050015, mobileDevice=Apple, model=iPhone 4, operatingSystem=iOS 11.0.3, password=Reto123456*, answer=Welcome to the world's largest community of freelance software testers!} [Given user starts the registration process in the option join today [Rose open up [Rose opens the Utest page], Rose registration [Rose clicks on Step 1: Tell us about yourself]], When user performs the registration process of the utest page
| firstName | secondName | email | monthBirth | dayBirth | yearBirth | city | zipCode | mobileDevice | model | operatingSystem | password |
| Johana | Grandas | joana05@gmail.com | August | 2 | 1982 | Medellín | 050015 | Apple | iPhone 4 | iOS 11.0.3 | Reto123456* | [Rose step one [Rose enters 'Johana' into first name, Rose enters 'Grandas' into second name, Rose enters 'joana05@gmail.com' into email, Rose clicks on month, Rose clicks on day, Rose clicks on year, Rose clicks on Button step two], Rose step two [Rose clicks on city, Rose clears field city, Rose enters 'Medellín' into city, Rose enters ARROW_DOWN into city, Rose enters ENTER into city, Rose clicks on zip code, Rose clears field zip code, Rose enters '050015' into zip code, Rose clicks on Button step Three], Rose step three [Rose clicks on mobile device, Rose enters 'Apple' into mobile device, Rose enters ENTER into mobile device, Rose clicks on model, Rose enters 'iPhone 4' into model, Rose enters ENTER into model, Rose clicks on operating system, Rose enters 'iPhone 4' into operating system, Rose enters ENTER into operating system, Rose clicks on Button step four]]]
[Test worker] WARN net.thucydides.core.steps.BaseStepListener - stepFinished: current outcome:Perform successful registration on the Utest page:Example: {firstName=Johana, secondName=Grandas, email=joana05@gmail.com, monthBirth=August, dayBirth=2, yearBirth=1982, city=Medellín, zipCode=050015, mobileDevice=Apple, model=iPhone 4, operatingSystem=iOS 11.0.3, password=Reto123456*, answer=Welcome to the world's largest community of freelance software testers!} [Given user starts the registration process in the option join today [Rose open up [Rose opens the Utest page], Rose registration [Rose clicks on Step 1: Tell us about yourself]], When user performs the registration process of the utest page
| firstName | secondName | email | monthBirth | dayBirth | yearBirth | city | zipCode | mobileDevice | model | operatingSystem | password |
| Johana | Grandas | joana05@gmail.com | August | 2 | 1982 | Medellín | 050015 | Apple | iPhone 4 | iOS 11.0.3 | Reto123456* | [Rose step one [Rose enters 'Johana' into first name, Rose enters 'Grandas' into second name, Rose enters 'joana05@gmail.com' into email, Rose clicks on month, Rose clicks on day, Rose clicks on year, Rose clicks on Button step two], Rose step two [Rose clicks on city, Rose clears field city, Rose enters 'Medellín' into city, Rose enters ARROW_DOWN into city, Rose enters ENTER into city, Rose clicks on zip code, Rose clears field zip code, Rose enters '050015' into zip code, Rose clicks on Button step Three], Rose step three [Rose clicks on mobile device, Rose enters 'Apple' into mobile device, Rose enters ENTER into mobile device, Rose clicks on model, Rose enters 'iPhone 4' into model, Rose enters ENTER into model, Rose clicks on operating system, Rose enters 'iPhone 4' into operating system, Rose enters ENTER into operating system, Rose clicks on Button step four]]]
[Test worker] WARN net.thucydides.core.steps.BaseStepListener - stepStarted: net.thucydides.core.steps.ExecutedStepDescription@26b65a64
[Test worker] WARN net.thucydides.core.steps.BaseStepListener - stepStarted: net.thucydides.core.steps.ExecutedStepDescription@15e3af49
[Test worker] WARN net.thucydides.core.steps.BaseStepListener - stepFinished: current outcome:Perform successful registration on the Utest page:Example: {firstName=Johana, secondName=Grandas, email=joana05@gmail.com, monthBirth=August, dayBirth=2, yearBirth=1982, city=Medellín, zipCode=050015, mobileDevice=Apple, model=iPhone 4, operatingSystem=iOS 11.0.3, password=Reto123456*, answer=Welcome to the world's largest community of freelance software testers!} [Given user starts the registration process in the option join today [Rose open up [Rose opens the Utest page], Rose registration [Rose clicks on Step 1: Tell us about yourself]], When user performs the registration process of the utest page
| firstName | secondName | email | monthBirth | dayBirth | yearBirth | city | zipCode | mobileDevice | model | operatingSystem | password |
| Johana | Grandas | joana05@gmail.com | August | 2 | 1982 | Medellín | 050015 | Apple | iPhone 4 | iOS 11.0.3 | Reto123456* | [Rose step one [Rose enters 'Johana' into first name, Rose enters 'Grandas' into second name, Rose enters 'joana05@gmail.com' into email, Rose clicks on month, Rose clicks on day, Rose clicks on year, Rose clicks on Button step two], Rose step two [Rose clicks on city, Rose clears field city, Rose enters 'Medellín' into city, Rose enters ARROW_DOWN into city, Rose enters ENTER into city, Rose clicks on zip code, Rose clears field zip code, Rose enters '050015' into zip code, Rose clicks on Button step Three], Rose step three [Rose clicks on mobile device, Rose enters 'Apple' into mobile device, Rose enters ENTER into mobile device, Rose clicks on model, Rose enters 'iPhone 4' into model, Rose enters ENTER into model, Rose clicks on operating system, Rose enters 'iPhone 4' into operating system, Rose enters ENTER into operating system, Rose clicks on Button step four], Rose step four [Rose enters 'Reto123456*' into Text password]]]
[Test worker] WARN net.thucydides.core.steps.BaseStepListener - stepStarted: net.thucydides.core.steps.ExecutedStepDescription@6409a471
[Test worker] WARN net.thucydides.core.steps.BaseStepListener - stepFinished: current outcome:Perform successful registration on the Utest page:Example: {firstName=Johana, secondName=Grandas, email=joana05@gmail.com, monthBirth=August, dayBirth=2, yearBirth=1982, city=Medellín, zipCode=050015, mobileDevice=Apple, model=iPhone 4, operatingSystem=iOS 11.0.3, password=Reto123456*, answer=Welcome to the world's largest community of freelance software testers!} [Given user starts the registration process in the option join today [Rose open up [Rose opens the Utest page], Rose registration [Rose clicks on Step 1: Tell us about yourself]], When user performs the registration process of the utest page
| firstName | secondName | email | monthBirth | dayBirth | yearBirth | city | zipCode | mobileDevice | model | operatingSystem | password |
| Johana | Grandas | joana05@gmail.com | August | 2 | 1982 | Medellín | 050015 | Apple | iPhone 4 | iOS 11.0.3 | Reto123456* | [Rose step one [Rose enters 'Johana' into first name, Rose enters 'Grandas' into second name, Rose enters 'joana05@gmail.com' into email, Rose clicks on month, Rose clicks on day, Rose clicks on year, Rose clicks on Button step two], Rose step two [Rose clicks on city, Rose clears field city, Rose enters 'Medellín' into city, Rose enters ARROW_DOWN into city, Rose enters ENTER into city, Rose clicks on zip code, Rose clears field zip code, Rose enters '050015' into zip code, Rose clicks on Button step Three], Rose step three [Rose clicks on mobile device, Rose enters 'Apple' into mobile device, Rose enters ENTER into mobile device, Rose clicks on model, Rose enters 'iPhone 4' into model, Rose enters ENTER into model, Rose clicks on operating system, Rose enters 'iPhone 4' into operating system, Rose enters ENTER into operating system, Rose clicks on Button step four], Rose step four [Rose enters 'Reto123456*' into Text password, Rose enters 'Reto123456*' into Text confirm password]]]
[Test worker] WARN net.thucydides.core.steps.BaseStepListener - stepStarted: net.thucydides.core.steps.ExecutedStepDescription@44772bd5
[Test worker] WARN net.thucydides.core.steps.BaseStepListener - stepFinished: current outcome:Perform successful registration on the Utest page:Example: {firstName=Johana, secondName=Grandas, email=joana05@gmail.com, monthBirth=August, dayBirth=2, yearBirth=1982, city=Medellín, zipCode=050015, mobileDevice=Apple, model=iPhone 4, operatingSystem=iOS 11.0.3, password=Reto123456*, answer=Welcome to the world's largest community of freelance software testers!} [Given user starts the registration process in the option join today [Rose open up [Rose opens the Utest page], Rose registration [Rose clicks on Step 1: Tell us about yourself]], When user performs the registration process of the utest page
| firstName | secondName | email | monthBirth | dayBirth | yearBirth | city | zipCode | mobileDevice | model | operatingSystem | password |
| Johana | Grandas | joana05@gmail.com | August | 2 | 1982 | Medellín | 050015 | Apple | iPhone 4 | iOS 11.0.3 | Reto123456* | [Rose step one [Rose enters 'Johana' into first name, Rose enters 'Grandas' into second name, Rose enters 'joana05@gmail.com' into email, Rose clicks on month, Rose clicks on day, Rose clicks on year, Rose clicks on Button step two], Rose step two [Rose clicks on city, Rose clears field city, Rose enters 'Medellín' into city, Rose enters ARROW_DOWN into city, Rose enters ENTER into city, Rose clicks on zip code, Rose clears field zip code, Rose enters '050015' into zip code, Rose clicks on Button step Three], Rose step three [Rose clicks on mobile device, Rose enters 'Apple' into mobile device, Rose enters ENTER into mobile device, Rose clicks on model, Rose enters 'iPhone 4' into model, Rose enters ENTER into model, Rose clicks on operating system, Rose enters 'iPhone 4' into operating system, Rose enters ENTER into operating system, Rose clicks on Button step four], Rose step four [Rose enters 'Reto123456*' into Text password, Rose enters 'Reto123456*' into Text confirm password, Rose clicks on Checkbox term]]]
[Test worker] WARN net.thucydides.core.steps.BaseStepListener - stepStarted: net.thucydides.core.steps.ExecutedStepDescription@714f3ea4
[Test worker] WARN net.thucydides.core.steps.BaseStepListener - stepFinished: current outcome:Perform successful registration on the Utest page:Example: {firstName=Johana, secondName=Grandas, email=joana05@gmail.com, monthBirth=August, dayBirth=2, yearBirth=1982, city=Medellín, zipCode=050015, mobileDevice=Apple, model=iPhone 4, operatingSystem=iOS 11.0.3, password=Reto123456*, answer=Welcome to the world's largest community of freelance software testers!} [Given user starts the registration process in the option join today [Rose open up [Rose opens the Utest page], Rose registration [Rose clicks on Step 1: Tell us about yourself]], When user performs the registration process of the utest page
| firstName | secondName | email | monthBirth | dayBirth | yearBirth | city | zipCode | mobileDevice | model | operatingSystem | password |
| Johana | Grandas | joana05@gmail.com | August | 2 | 1982 | Medellín | 050015 | Apple | iPhone 4 | iOS 11.0.3 | Reto123456* | [Rose step one [Rose enters 'Johana' into first name, Rose enters 'Grandas' into second name, Rose enters 'joana05@gmail.com' into email, Rose clicks on month, Rose clicks on day, Rose clicks on year, Rose clicks on Button step two], Rose step two [Rose clicks on city, Rose clears field city, Rose enters 'Medellín' into city, Rose enters ARROW_DOWN into city, Rose enters ENTER into city, Rose clicks on zip code, Rose clears field zip code, Rose enters '050015' into zip code, Rose clicks on Button step Three], Rose step three [Rose clicks on mobile device, Rose enters 'Apple' into mobile device, Rose enters ENTER into mobile device, Rose clicks on model, Rose enters 'iPhone 4' into model, Rose enters ENTER into model, Rose clicks on operating system, Rose enters 'iPhone 4' into operating system, Rose enters ENTER into operating system, Rose clicks on Button step four], Rose step four [Rose enters 'Reto123456*' into Text password, Rose enters 'Reto123456*' into Text confirm password, Rose clicks on Checkbox term, Rose clicks on Checkbox policy and privacy]]]
[Test worker] WARN net.thucydides.core.steps.BaseStepListener - stepStarted: net.thucydides.core.steps.ExecutedStepDescription@caf4cf2
[Test worker] WARN net.thucydides.core.steps.BaseStepListener - stepFinished: current outcome:Perform successful registration on the Utest page:Example: {firstName=Johana, secondName=Grandas, email=joana05@gmail.com, monthBirth=August, dayBirth=2, yearBirth=1982, city=Medellín, zipCode=050015, mobileDevice=Apple, model=iPhone 4, operatingSystem=iOS 11.0.3, password=Reto123456*, answer=Welcome to the world's largest community of freelance software testers!} [Given user starts the registration process in the option join today [Rose open up [Rose opens the Utest page], Rose registration [Rose clicks on Step 1: Tell us about yourself]], When user performs the registration process of the utest page
| firstName | secondName | email | monthBirth | dayBirth | yearBirth | city | zipCode | mobileDevice | model | operatingSystem | password |
| Johana | Grandas | joana05@gmail.com | August | 2 | 1982 | Medellín | 050015 | Apple | iPhone 4 | iOS 11.0.3 | Reto123456* | [Rose step one [Rose enters 'Johana' into first name, Rose enters 'Grandas' into second name, Rose enters 'joana05@gmail.com' into email, Rose clicks on month, Rose clicks on day, Rose clicks on year, Rose clicks on Button step two], Rose step two [Rose clicks on city, Rose clears field city, Rose enters 'Medellín' into city, Rose enters ARROW_DOWN into city, Rose enters ENTER into city, Rose clicks on zip code, Rose clears field zip code, Rose enters '050015' into zip code, Rose clicks on Button step Three], Rose step three [Rose clicks on mobile device, Rose enters 'Apple' into mobile device, Rose enters ENTER into mobile device, Rose clicks on model, Rose enters 'iPhone 4' into model, Rose enters ENTER into model, Rose clicks on operating system, Rose enters 'iPhone 4' into operating system, Rose enters ENTER into operating system, Rose clicks on Button step four], Rose step four [Rose enters 'Reto123456*' into Text password, Rose enters 'Reto123456*' into Text confirm password, Rose clicks on Checkbox term, Rose clicks on Checkbox policy and privacy, Rose clicks on Button register]]]
[Test worker] WARN net.thucydides.core.steps.BaseStepListener - stepFinished: current outcome:Perform successful registration on the Utest page:Example: {firstName=Johana, secondName=Grandas, email=joana05@gmail.com, monthBirth=August, dayBirth=2, yearBirth=1982, city=Medellín, zipCode=050015, mobileDevice=Apple, model=iPhone 4, operatingSystem=iOS 11.0.3, password=Reto123456*, answer=Welcome to the world's largest community of freelance software testers!} [Given user starts the registration process in the option join today [Rose open up [Rose opens the Utest page], Rose registration [Rose clicks on Step 1: Tell us about yourself]], When user performs the registration process of the utest page
| firstName | secondName | email | monthBirth | dayBirth | yearBirth | city | zipCode | mobileDevice | model | operatingSystem | password |
| Johana | Grandas | joana05@gmail.com | August | 2 | 1982 | Medellín | 050015 | Apple | iPhone 4 | iOS 11.0.3 | Reto123456* | [Rose step one [Rose enters 'Johana' into first name, Rose enters 'Grandas' into second name, Rose enters 'joana05@gmail.com' into email, Rose clicks on month, Rose clicks on day, Rose clicks on year, Rose clicks on Button step two], Rose step two [Rose clicks on city, Rose clears field city, Rose enters 'Medellín' into city, Rose enters ARROW_DOWN into city, Rose enters ENTER into city, Rose clicks on zip code, Rose clears field zip code, Rose enters '050015' into zip code, Rose clicks on Button step Three], Rose step three [Rose clicks on mobile device, Rose enters 'Apple' into mobile device, Rose enters ENTER into mobile device, Rose clicks on model, Rose enters 'iPhone 4' into model, Rose enters ENTER into model, Rose clicks on operating system, Rose enters 'iPhone 4' into operating system, Rose enters ENTER into operating system, Rose clicks on Button step four], Rose step four [Rose enters 'Reto123456*' into Text password, Rose enters 'Reto123456*' into Text confirm password, Rose clicks on Checkbox term, Rose clicks on Checkbox policy and privacy, Rose clicks on Button register]]]
[Test worker] WARN net.thucydides.core.steps.BaseStepListener - stepFinished: current outcome:Perform successful registration on the Utest page:Example: {firstName=Johana, secondName=Grandas, email=joana05@gmail.com, monthBirth=August, dayBirth=2, yearBirth=1982, city=Medellín, zipCode=050015, mobileDevice=Apple, model=iPhone 4, operatingSystem=iOS 11.0.3, password=Reto123456*, answer=Welcome to the world's largest community of freelance software testers!} [Given user starts the registration process in the option join today [Rose open up [Rose opens the Utest page], Rose registration [Rose clicks on Step 1: Tell us about yourself]], When user performs the registration process of the utest page
| firstName | secondName | email | monthBirth | dayBirth | yearBirth | city | zipCode | mobileDevice | model | operatingSystem | password |
| Johana | Grandas | joana05@gmail.com | August | 2 | 1982 | Medellín | 050015 | Apple | iPhone 4 | iOS 11.0.3 | Reto123456* | [Rose step one [Rose enters 'Johana' into first name, Rose enters 'Grandas' into second name, Rose enters 'joana05@gmail.com' into email, Rose clicks on month, Rose clicks on day, Rose clicks on year, Rose clicks on Button step two], Rose step two [Rose clicks on city, Rose clears field city, Rose enters 'Medellín' into city, Rose enters ARROW_DOWN into city, Rose enters ENTER into city, Rose clicks on zip code, Rose clears field zip code, Rose enters '050015' into zip code, Rose clicks on Button step Three], Rose step three [Rose clicks on mobile device, Rose enters 'Apple' into mobile device, Rose enters ENTER into mobile device, Rose clicks on model, Rose enters 'iPhone 4' into model, Rose enters ENTER into model, Rose clicks on operating system, Rose enters 'iPhone 4' into operating system, Rose enters ENTER into operating system, Rose clicks on Button step four], Rose step four [Rose enters 'Reto123456*' into Text password, Rose enters 'Reto123456*' into Text confirm password, Rose clicks on Checkbox term, Rose clicks on Checkbox policy and privacy, Rose clicks on Button register]]]
[Test worker] WARN net.thucydides.core.steps.BaseStepListener - stepStarted: net.thucydides.core.steps.ExecutedStepDescription@17476fea
[Test worker] WARN net.thucydides.core.steps.BaseStepListener - stepStarted: net.thucydides.core.steps.ExecutedStepDescription@db637aa
[Test worker] WARN net.thucydides.core.steps.BaseStepListener - testFinished: Perform successful registration on the Utest page:Example: {firstName=Johana, secondName=Grandas, email=joana05@gmail.com, monthBirth=August, dayBirth=2, yearBirth=1982, city=Medellín, zipCode=050015, mobileDevice=Apple, model=iPhone 4, operatingSystem=iOS 11.0.3, password=Reto123456*, answer=Welcome to the world's largest community of freelance software testers!} [Given user starts the registration process in the option join today [Rose open up [Rose opens the Utest page], Rose registration [Rose clicks on Step 1: Tell us about yourself]], When user performs the registration process of the utest page
| firstName | secondName | email | monthBirth | dayBirth | yearBirth | city | zipCode | mobileDevice | model | operatingSystem | password |
| Johana | Grandas | joana05@gmail.com | August | 2 | 1982 | Medellín | 050015 | Apple | iPhone 4 | iOS 11.0.3 | Reto123456* | [Rose step one [Rose enters 'Johana' into first name, Rose enters 'Grandas' into second name, Rose enters 'joana05@gmail.com' into email, Rose clicks on month, Rose clicks on day, Rose clicks on year, Rose clicks on Button step two], Rose step two [Rose clicks on city, Rose clears field city, Rose enters 'Medellín' into city, Rose enters ARROW_DOWN into city, Rose enters ENTER into city, Rose clicks on zip code, Rose clears field zip code, Rose enters '050015' into zip code, Rose clicks on Button step Three], Rose step three [Rose clicks on mobile device, Rose enters 'Apple' into mobile device, Rose enters ENTER into mobile device, Rose clicks on model, Rose enters 'iPhone 4' into model, Rose enters ENTER into model, Rose clicks on operating system, Rose enters 'iPhone 4' into operating system, Rose enters ENTER into operating system, Rose clicks on Button step four], Rose step four [Rose enters 'Reto123456*' into Text password, Rose enters 'Reto123456*' into Text confirm password, Rose clicks on Checkbox term, Rose clicks on Checkbox policy and privacy, Rose clicks on Button register]], Then user achieves successful registration
| answer |
| Welcome to the world's largest community of freelance software testers! | [Then answer page]]
[Test worker] WARN net.thucydides.core.steps.BaseStepListener - TestOutcomes: [Perform successful registration on the Utest page:Example: {firstName=Johana, secondName=Grandas, email=joana05@gmail.com, monthBirth=August, dayBirth=2, yearBirth=1982, city=Medellín, zipCode=050015, mobileDevice=Apple, model=iPhone 4, operatingSystem=iOS 11.0.3, password=Reto123456*, answer=Welcome to the world's largest community of freelance software testers!} [Given user starts the registration process in the option join today [Rose open up [Rose opens the Utest page], Rose registration [Rose clicks on Step 1: Tell us about yourself]], When user performs the registration process of the utest page
| firstName | secondName | email | monthBirth | dayBirth | yearBirth | city | zipCode | mobileDevice | model | operatingSystem | password |
| Johana | Grandas | joana05@gmail.com | August | 2 | 1982 | Medellín | 050015 | Apple | iPhone 4 | iOS 11.0.3 | Reto123456* | [Rose step one [Rose enters 'Johana' into first name, Rose enters 'Grandas' into second name, Rose enters 'joana05@gmail.com' into email, Rose clicks on month, Rose clicks on day, Rose clicks on year, Rose clicks on Button step two], Rose step two [Rose clicks on city, Rose clears field city, Rose enters 'Medellín' into city, Rose enters ARROW_DOWN into city, Rose enters ENTER into city, Rose clicks on zip code, Rose clears field zip code, Rose enters '050015' into zip code, Rose clicks on Button step Three], Rose step three [Rose clicks on mobile device, Rose enters 'Apple' into mobile device, Rose enters ENTER into mobile device, Rose clicks on model, Rose enters 'iPhone 4' into model, Rose enters ENTER into model, Rose clicks on operating system, Rose enters 'iPhone 4' into operating system, Rose enters ENTER into operating system, Rose clicks on Button step four], Rose step four [Rose enters 'Reto123456*' into Text password, Rose enters 'Reto123456*' into Text confirm password, Rose clicks on Checkbox term, Rose clicks on Checkbox policy and privacy, Rose clicks on Button register]], Then user achieves successful registration
| answer |
| Welcome to the world's largest community of freelance software testers! | [Then answer page]]]
[Test worker] WARN net.thucydides.core.steps.BaseStepListener - Final testOutcomes: [Perform successful registration on the Utest page:Example: {firstName=Johana, secondName=Grandas, email=joana05@gmail.com, monthBirth=August, dayBirth=2, yearBirth=1982, city=Medellín, zipCode=050015, mobileDevice=Apple, model=iPhone 4, operatingSystem=iOS 11.0.3, password=Reto123456*, answer=Welcome to the world's largest community of freelance software testers!} [Given user starts the registration process in the option join today [Rose open up [Rose opens the Utest page], Rose registration [Rose clicks on Step 1: Tell us about yourself]], When user performs the registration process of the utest page
| firstName | secondName | email | monthBirth | dayBirth | yearBirth | city | zipCode | mobileDevice | model | operatingSystem | password |
| Johana | Grandas | joana05@gmail.com | August | 2 | 1982 | Medellín | 050015 | Apple | iPhone 4 | iOS 11.0.3 | Reto123456* | [Rose step one [Rose enters 'Johana' into first name, Rose enters 'Grandas' into second name, Rose enters 'joana05@gmail.com' into email, Rose clicks on month, Rose clicks on day, Rose clicks on year, Rose clicks on Button step two], Rose step two [Rose clicks on city, Rose clears field city, Rose enters 'Medellín' into city, Rose enters ARROW_DOWN into city, Rose enters ENTER into city, Rose clicks on zip code, Rose clears field zip code, Rose enters '050015' into zip code, Rose clicks on Button step Three], Rose step three [Rose clicks on mobile device, Rose enters 'Apple' into mobile device, Rose enters ENTER into mobile device, Rose clicks on model, Rose enters 'iPhone 4' into model, Rose enters ENTER into model, Rose clicks on operating system, Rose enters 'iPhone 4' into operating system, Rose enters ENTER into operating system, Rose clicks on Button step four], Rose step four [Rose enters 'Reto123456*' into Text password, Rose enters 'Reto123456*' into Text confirm password, Rose clicks on Checkbox term, Rose clicks on Checkbox policy and privacy, Rose clicks on Button register]], Then user achieves successful registration
| answer |
| Welcome to the world's largest community of freelance software testers! | [Then answer page]]]
[Test worker] ERROR net.thucydides.core.steps.ConsoleLoggingListener - 
           __  _____ _____ ____ _____   _____ _    ___ _     _____ ____  
  _       / / |_   _| ____/ ___|_   _| |  ___/ \  |_ _| |   | ____|  _ \ 
 (_)_____| |    | | |  _| \___ \ | |   | |_ / _ \  | || |   |  _| | | | |
  _|_____| |    | | | |___ ___) || |   |  _/ ___ \ | || |___| |___| |_| |
 (_)     | |    |_| |_____|____/ |_|   |_|/_/   \_\___|_____|_____|____/ 
          \_\                                                            

TEST FAILED: Perform successful registration on the Utest page
--------------------------------------------------------------------------
[Test worker] ERROR net.thucydides.core.steps.ConsoleLoggingListener - TEST FAILED AT STEP Then answer page
[Test worker] ERROR net.thucydides.core.steps.ConsoleLoggingListener - Expected answer pageExpected: is <true> but: was <false>
]]></system-err>
</testsuite>
